uBridge version 0.9.19 running with libpcap version 1.9.1 (with TPACKET_V3)
Hypervisor TCP control server started (IP 0.0.0.0 port 36283).
UDP tunnel connecting from local port 20031 to IPv4 address 127.0.0.1 on port 20030
UDP tunnel connecting from local port 20033 to IPv4 address 127.0.0.1 on port 20032
UDP tunnel connecting from local port 20153 to IPv4 address 127.0.0.1 on port 20152
UDP tunnel connecting from local port 20155 to IPv4 address 127.0.0.1 on port 20154
Listener thread for IOL instance 20 on port 0/1 has started
Listener thread for IOL instance 20 on port 0/2 has started
Listener thread for IOL instance 20 on port 0/0 has started
IOL bridge listener thread for IOL-BRIDGE-532 with ID 532 has started
Listener thread for IOL instance 20 on port 0/3 has started
recv: Connection refused
recv: Connection refused
recv: Connection refused
recv: Connection refused
recv: Connection refused
recv: Connection refused
recv: Connection refused
recv: Connection refused
recv: Connection refused
recv: Connection refused
recv: Connection refused
recv: Connection refused
recv: Connection refused
recv: Connection refused
recv: Connection refused
recv: Connection refused
recv: Connection refused
recv: Connection refused
recv: Connection refused
recv: Connection refused
recv: Connection refused
recv: Connection refused
recv: Connection refused
recv: Connection refused
