uBridge version 0.9.19 running with libpcap version 1.9.1 (with TPACKET_V3)
Hypervisor TCP control server started (IP 0.0.0.0 port 46487).
UDP tunnel connecting from local port 20014 to IPv4 address 127.0.0.1 on port 20015
UDP tunnel connecting from local port 20016 to IPv4 address 127.0.0.1 on port 20017
UDP tunnel connecting from local port 20039 to IPv4 address 127.0.0.1 on port 20038
UDP tunnel connecting from local port 20044 to IPv4 address 127.0.0.1 on port 20045
UDP tunnel connecting from local port 20108 to IPv4 address 127.0.0.1 on port 20109
UDP tunnel connecting from local port 20110 to IPv4 address 127.0.0.1 on port 20111
Listener thread for IOL instance 10 on port 1/0 has started
Listener thread for IOL instance 10 on port 0/0 has started
Listener thread for IOL instance 10 on port 0/1 has started
Listener thread for IOL instance 10 on port 1/1 has started
Listener thread for IOL instance 10 on port 0/2 has started
Listener thread for IOL instance 10 on port 0/3 has started
IOL bridge listener thread for IOL-BRIDGE-522 with ID 522 has started
recv: Connection refused
recv: Connection refused
recv: Connection refused
recv: Connection refused
recv: Connection refused
recv: Connection refused
recv: Connection refused
recv: Connection refused
recv: Connection refused
recv: Connection refused
recv: Connection refused
recv: Connection refused
recv: Connection refused
recv: Connection refused
recv: Connection refused
recv: Connection refused
recv: Connection refused
recv: Connection refused
recv: Connection refused
recv: Connection refused
recv: Connection refused
recv: Connection refused
recv: Connection refused
recv: Connection refused
recv: Connection refused
recv: Connection refused
recv: Connection refused
recv: Connection refused
