uBridge version 0.9.19 running with libpcap version 1.9.1 (with TPACKET_V3)
Hypervisor TCP control server started (IP 0.0.0.0 port 35339).
UDP tunnel connecting from local port 20017 to IPv4 address 127.0.0.1 on port 20016
UDP tunnel connecting from local port 20048 to IPv4 address 127.0.0.1 on port 20049
UDP tunnel connecting from local port 20041 to IPv4 address 127.0.0.1 on port 20040
UDP tunnel connecting from local port 20134 to IPv4 address 127.0.0.1 on port 20135
UDP tunnel connecting from local port 20136 to IPv4 address 127.0.0.1 on port 20137
UDP tunnel connecting from local port 20138 to IPv4 address 127.0.0.1 on port 20139
UDP tunnel connecting from local port 20140 to IPv4 address 127.0.0.1 on port 20141
UDP tunnel connecting from local port 20142 to IPv4 address 127.0.0.1 on port 20143
UDP tunnel connecting from local port 20144 to IPv4 address 127.0.0.1 on port 20145
UDP tunnel connecting from local port 20146 to IPv4 address 127.0.0.1 on port 20147
UDP tunnel connecting from local port 20148 to IPv4 address 127.0.0.1 on port 20149
UDP tunnel connecting from local port 20158 to IPv4 address 127.0.0.1 on port 20159
Listener thread for IOL instance 11 on port 0/1 has started
Listener thread for IOL instance 11 on port 0/3 has started
Listener thread for IOL instance 11 on port 1/1 has started
Listener thread for IOL instance 11 on port 0/0 has started
Listener thread for IOL instance 11 on port 1/3 has started
Listener thread for IOL instance 11 on port 2/3 has started
IOL bridge listener thread for IOL-BRIDGE-523 with ID 523 has started
Listener thread for IOL instance 11 on port 2/1 has started
Listener thread for IOL instance 11 on port 1/2 has started
Listener thread for IOL instance 11 on port 0/2 has started
Listener thread for IOL instance 11 on port 2/2 has started
Listener thread for IOL instance 11 on port 2/0 has started
Listener thread for IOL instance 11 on port 1/0 has started
send: Connection refused
recv: Connection refused
recv: Connection refused
recv: Connection refused
recv: Connection refused
recv: Connection refused
recv: Connection refused
recv: Connection refused
recv: Connection refused
recv: Connection refused
recv: Connection refused
recv: Connection refused
recv: Connection refused
recv: Connection refused
recv: Connection refused
recv: Connection refused
recv: Connection refused
recv: Connection refused
recv: Connection refused
recv: Connection refused
recv: Connection refused
recv: Connection refused
recv: Connection refused
recv: Connection refused
recv: Connection refused
recv: Connection refused
recv: Connection refused
recv: Connection refused
recv: Connection refused
recv: Connection refused
recv: Connection refused
recv: Connection refused
recv: Connection refused
recv: Connection refused
recv: Connection refused
recv: Connection refused
recv: Connection refused
recv: Connection refused
recv: Connection refused
recv: Connection refused
recv: Connection refused
recv: Connection refused
recv: Connection refused
recv: Connection refused
recv: Connection refused
recv: Connection refused
recv: Connection refused
recv: Connection refused
recv: Connection refused
recv: Connection refused
recv: Connection refused
recv: Connection refused
recv: Connection refused
recv: Connection refused
recv: Connection refused
send: Connection refused
send: Connection refused
recv: Connection refused
recv: Connection refused
recv: Connection refused
recv: Connection refused
recv: Connection refused
recv: Connection refused
recv: Connection refused
recv: Connection refused
recv: Connection refused
recv: Connection refused
recv: Connection refused
recv: Connection refused
recv: Connection refused
recv: Connection refused
recv: Connection refused
recv: Connection refused
recv: Connection refused
recv: Connection refused
recv: Connection refused
recv: Connection refused
recv: Connection refused
recv: Connection refused
send: Connection refused
send: Connection refused
send: Connection refused
recv: Connection refused
recv: Connection refused
recv: Connection refused
recv: Connection refused
recv: Connection refused
recv: Connection refused
recv: Connection refused
recv: Connection refused
recv: Connection refused
recv: Connection refused
recv: Connection refused
recv: Connection refused
recv: Connection refused
recv: Connection refused
recv: Connection refused
recv: Connection refused
recv: Connection refused
recv: Connection refused
recv: Connection refused
recv: Connection refused
recv: Connection refused
recv: Connection refused
recv: Connection refused
recv: Connection refused
recv: Connection refused
recv: Connection refused
recv: Connection refused
recv: Connection refused
recv: Connection refused
recv: Connection refused
recv: Connection refused
recv: Connection refused
recv: Connection refused
recv: Connection refused
recv: Connection refused
recv: Connection refused
recv: Connection refused
recv: Connection refused
recv: Connection refused
recv: Connection refused
recv: Connection refused
recv: Connection refused
recv: Connection refused
recv: Connection refused
recv: Connection refused
recv: Connection refused
recv: Connection refused
recv: Connection refused
recv: Connection refused
recv: Connection refused
recv: Connection refused
recv: Connection refused
recv: Connection refused
recv: Connection refused
send: Connection refused
send: Connection refused
recv: Connection refused
recv: Connection refused
recv: Connection refused
recv: Connection refused
recv: Connection refused
recv: Connection refused
recv: Connection refused
recv: Connection refused
recv: Connection refused
recv: Connection refused
send: Connection refused
send: Connection refused
send: Connection refused
recv: Connection refused
recv: Connection refused
recv: Connection refused
recv: Connection refused
recv: Connection refused
recv: Connection refused
recv: Connection refused
recv: Connection refused
send: Connection refused
send: Connection refused
send: Connection refused
recv: Connection refused
recv: Connection refused
recv: Connection refused
recv: Connection refused
recv: Connection refused
recv: Connection refused
recv: Connection refused
recv: Connection refused
recv: Connection refused
recv: Connection refused
recv: Connection refused
recv: Connection refused
recv: Connection refused
recv: Connection refused
recv: Connection refused
recv: Connection refused
recv: Connection refused
recv: Connection refused
recv: Connection refused
recv: Connection refused
recv: Connection refused
recv: Connection refused
recv: Connection refused
send: Connection refused
send: Connection refused
send: Connection refused
send: Connection refused
recv: Connection refused
send: Connection refused
send: Connection refused
send: Connection refused
recv: Connection refused
