uBridge version 0.9.19 running with libpcap version 1.9.1 (with TPACKET_V3)
Hypervisor TCP control server started (IP 0.0.0.0 port 44119).
UDP tunnel connecting from local port 20000 to IPv4 address 127.0.0.1 on port 20001
UDP tunnel connecting from local port 20010 to IPv4 address 127.0.0.1 on port 20011
UDP tunnel connecting from local port 20034 to IPv4 address 127.0.0.1 on port 20035
UDP tunnel connecting from local port 20093 to IPv4 address 127.0.0.1 on port 20092
UDP tunnel connecting from local port 20095 to IPv4 address 127.0.0.1 on port 20094
IOL bridge listener thread for IOL-BRIDGE-513 with ID 513 has started
Listener thread for IOL instance 1 on port 0/0 has started
Listener thread for IOL instance 1 on port 1/0 has started
Listener thread for IOL instance 1 on port 0/1 has started
Listener thread for IOL instance 1 on port 0/2 has started
Listener thread for IOL instance 1 on port 0/3 has started
recv: Connection refused
recv: Connection refused
recv: Connection refused
recv: Connection refused
recv: Connection refused
recv: Connection refused
recv: Connection refused
recv: Connection refused
recv: Connection refused
recv: Connection refused
recv: Connection refused
recv: Connection refused
recv: Connection refused
recv: Connection refused
recv: Connection refused
recv: Connection refused
recv: Connection refused
recv: Connection refused
recv: Connection refused
recv: Connection refused
recv: Connection refused
recv: Connection refused
