uBridge version 0.9.19 running with libpcap version 1.9.1 (with TPACKET_V3)
Hypervisor TCP control server started (IP 0.0.0.0 port 42287).
UDP tunnel connecting from local port 20013 to IPv4 address 127.0.0.1 on port 20012
UDP tunnel connecting from local port 20046 to IPv4 address 127.0.0.1 on port 20047
UDP tunnel connecting from local port 20040 to IPv4 address 127.0.0.1 on port 20041
UDP tunnel connecting from local port 20126 to IPv4 address 127.0.0.1 on port 20127
UDP tunnel connecting from local port 20114 to IPv4 address 127.0.0.1 on port 20115
UDP tunnel connecting from local port 20116 to IPv4 address 127.0.0.1 on port 20117
Listener thread for IOL instance 8 on port 0/0 has started
Listener thread for IOL instance 8 on port 0/1 has started
Listener thread for IOL instance 8 on port 1/1 has started
IOL bridge listener thread for IOL-BRIDGE-520 with ID 520 has started
Listener thread for IOL instance 8 on port 1/0 has started
Listener thread for IOL instance 8 on port 0/2 has started
Listener thread for IOL instance 8 on port 0/3 has started
recv: Connection refused
recv: Connection refused
recv: Connection refused
recv: Connection refused
recv: Connection refused
recv: Connection refused
recv: Connection refused
recv: Connection refused
recv: Connection refused
recv: Connection refused
recv: Connection refused
recv: Connection refused
recv: Connection refused
recv: Connection refused
recv: Connection refused
recv: Connection refused
recv: Connection refused
recv: Connection refused
recv: Connection refused
recv: Connection refused
recv: Connection refused
recv: Connection refused
recv: Connection refused
recv: Connection refused
recv: Connection refused
recv: Connection refused
recv: Connection refused
recv: Connection refused
recv: Connection refused
recv: Connection refused
recv: Connection refused
recv: Connection refused
recv: Connection refused
