
Start-Date: 2021-04-01  01:23:49
Commandline: apt-get install --reinstall adduser
Reinstall: adduser:amd64 (3.118ubuntu2)
End-Date: 2021-04-01  01:23:50

Start-Date: 2021-04-01  01:23:51
Commandline: apt-get install --reinstall apt
Reinstall: apt:amd64 (2.0.2)
End-Date: 2021-04-01  01:23:52

Start-Date: 2021-04-01  01:23:54
Commandline: apt-get install --reinstall base-files
Reinstall: base-files:amd64 (11ubuntu5)
End-Date: 2021-04-01  01:23:54

Start-Date: 2021-04-01  01:23:55
Commandline: apt-get install --reinstall base-passwd
Reinstall: base-passwd:amd64 (3.5.47)
End-Date: 2021-04-01  01:23:56

Start-Date: 2021-04-01  01:23:57
Commandline: apt-get install --reinstall bash
Reinstall: bash:amd64 (5.0-6ubuntu1)
End-Date: 2021-04-01  01:23:58

Start-Date: 2021-04-01  01:23:59
Commandline: apt-get install --reinstall bsdutils
Reinstall: bsdutils:amd64 (1:2.34-0.1ubuntu9)
End-Date: 2021-04-01  01:24:00

Start-Date: 2021-04-01  01:24:01
Commandline: apt-get install --reinstall bzip2
Reinstall: bzip2:amd64 (1.0.8-2)
End-Date: 2021-04-01  01:24:01

Start-Date: 2021-04-01  01:24:03
Commandline: apt-get install --reinstall coreutils
Reinstall: coreutils:amd64 (8.30-3ubuntu2)
End-Date: 2021-04-01  01:24:03

Start-Date: 2021-04-01  01:24:05
Commandline: apt-get install --reinstall dash
Reinstall: dash:amd64 (0.5.10.2-6)
End-Date: 2021-04-01  01:24:05

Start-Date: 2021-04-01  01:24:06
Commandline: apt-get install --reinstall debconf
Reinstall: debconf:amd64 (1.5.73)
End-Date: 2021-04-01  01:24:07

Start-Date: 2021-04-01  01:24:08
Commandline: apt-get install --reinstall debianutils
Reinstall: debianutils:amd64 (4.9.1)
End-Date: 2021-04-01  01:24:09

Start-Date: 2021-04-01  01:24:10
Commandline: apt-get install --reinstall diffutils
Reinstall: diffutils:amd64 (1:3.7-3)
End-Date: 2021-04-01  01:24:11

Start-Date: 2021-04-01  01:24:12
Commandline: apt-get install --reinstall dpkg
Reinstall: dpkg:amd64 (1.19.7ubuntu3)
End-Date: 2021-04-01  01:24:13

Start-Date: 2021-04-01  01:24:14
Commandline: apt-get install --reinstall e2fsprogs
Reinstall: e2fsprogs:amd64 (1.45.5-2ubuntu1)
End-Date: 2021-04-01  01:24:15

Start-Date: 2021-04-01  01:24:16
Commandline: apt-get install --reinstall fdisk
Reinstall: fdisk:amd64 (2.34-0.1ubuntu9)
End-Date: 2021-04-01  01:24:16

Start-Date: 2021-04-01  01:24:17
Commandline: apt-get install --reinstall findutils
Reinstall: findutils:amd64 (4.7.0-1ubuntu1)
End-Date: 2021-04-01  01:24:18

Start-Date: 2021-04-01  01:24:19
Commandline: apt-get install --reinstall gcc-10-base:amd64
Reinstall: gcc-10-base:amd64 (10-20200411-0ubuntu1)
End-Date: 2021-04-01  01:24:20

Start-Date: 2021-04-01  01:24:21
Commandline: apt-get install --reinstall gpgv
Reinstall: gpgv:amd64 (2.2.19-3ubuntu2)
End-Date: 2021-04-01  01:24:22

Start-Date: 2021-04-01  01:24:23
Commandline: apt-get install --reinstall grep
Reinstall: grep:amd64 (3.4-1)
End-Date: 2021-04-01  01:24:24

Start-Date: 2021-04-01  01:24:25
Commandline: apt-get install --reinstall gzip
Reinstall: gzip:amd64 (1.10-0ubuntu4)
End-Date: 2021-04-01  01:24:25

Start-Date: 2021-04-01  01:24:26
Commandline: apt-get install --reinstall hostname
Reinstall: hostname:amd64 (3.23)
End-Date: 2021-04-01  01:24:27

Start-Date: 2021-04-01  01:24:28
Commandline: apt-get install --reinstall init-system-helpers
Reinstall: init-system-helpers:amd64 (1.57)
End-Date: 2021-04-01  01:24:29

Start-Date: 2021-04-01  01:24:30
Commandline: apt-get install --reinstall libacl1:amd64
Reinstall: libacl1:amd64 (2.2.53-6)
End-Date: 2021-04-01  01:24:31

Start-Date: 2021-04-01  01:24:32
Commandline: apt-get install --reinstall libapt-pkg6.0:amd64
Reinstall: libapt-pkg6.0:amd64 (2.0.2)
End-Date: 2021-04-01  01:24:32

Start-Date: 2021-04-01  01:24:34
Commandline: apt-get install --reinstall libattr1:amd64
Reinstall: libattr1:amd64 (1:2.4.48-5)
End-Date: 2021-04-01  01:24:34

Start-Date: 2021-04-01  01:24:35
Commandline: apt-get install --reinstall libaudit-common
Reinstall: libaudit-common:amd64 (1:2.8.5-2ubuntu6)
End-Date: 2021-04-01  01:24:36

Start-Date: 2021-04-01  01:24:37
Commandline: apt-get install --reinstall libaudit1:amd64
Reinstall: libaudit1:amd64 (1:2.8.5-2ubuntu6)
End-Date: 2021-04-01  01:24:38

Start-Date: 2021-04-01  01:24:39
Commandline: apt-get install --reinstall libblkid1:amd64
Reinstall: libblkid1:amd64 (2.34-0.1ubuntu9)
End-Date: 2021-04-01  01:24:40

Start-Date: 2021-04-01  01:24:41
Commandline: apt-get install --reinstall libbz2-1.0:amd64
Reinstall: libbz2-1.0:amd64 (1.0.8-2)
End-Date: 2021-04-01  01:24:41

Start-Date: 2021-04-01  01:24:43
Commandline: apt-get install --reinstall libc-bin
Reinstall: libc-bin:amd64 (2.31-0ubuntu9)
End-Date: 2021-04-01  01:24:43

Start-Date: 2021-04-01  01:24:45
Commandline: apt-get install --reinstall libc6:amd64
Reinstall: libc6:amd64 (2.31-0ubuntu9)
End-Date: 2021-04-01  01:24:47

Start-Date: 2021-04-01  01:24:48
Commandline: apt-get install --reinstall libcap-ng0:amd64
Reinstall: libcap-ng0:amd64 (0.7.9-2.1build1)
End-Date: 2021-04-01  01:24:49

Start-Date: 2021-04-01  01:24:50
Commandline: apt-get install --reinstall libcom-err2:amd64
Reinstall: libcom-err2:amd64 (1.45.5-2ubuntu1)
End-Date: 2021-04-01  01:24:50

Start-Date: 2021-04-01  01:24:51
Commandline: apt-get install --reinstall libcrypt1:amd64
Reinstall: libcrypt1:amd64 (1:4.4.10-10ubuntu4)
End-Date: 2021-04-01  01:24:52

Start-Date: 2021-04-01  01:24:53
Commandline: apt-get install --reinstall libdb5.3:amd64
Reinstall: libdb5.3:amd64 (5.3.28+dfsg1-0.6ubuntu2)
End-Date: 2021-04-01  01:24:54

Start-Date: 2021-04-01  01:24:55
Commandline: apt-get install --reinstall libdebconfclient0:amd64
Reinstall: libdebconfclient0:amd64 (0.251ubuntu1)
End-Date: 2021-04-01  01:24:56

Start-Date: 2021-04-01  01:24:57
Commandline: apt-get install --reinstall libext2fs2:amd64
Reinstall: libext2fs2:amd64 (1.45.5-2ubuntu1)
End-Date: 2021-04-01  01:24:57

Start-Date: 2021-04-01  01:24:59
Commandline: apt-get install --reinstall libfdisk1:amd64
Reinstall: libfdisk1:amd64 (2.34-0.1ubuntu9)
End-Date: 2021-04-01  01:24:59

Start-Date: 2021-04-01  01:25:00
Commandline: apt-get install --reinstall libffi7:amd64
Reinstall: libffi7:amd64 (3.3-4)
End-Date: 2021-04-01  01:25:01

Start-Date: 2021-04-01  01:25:02
Commandline: apt-get install --reinstall libgcc-s1:amd64
Reinstall: libgcc-s1:amd64 (10-20200411-0ubuntu1)
End-Date: 2021-04-01  01:25:03

Start-Date: 2021-04-01  01:25:04
Commandline: apt-get install --reinstall libgcrypt20:amd64
Reinstall: libgcrypt20:amd64 (1.8.5-5ubuntu1)
End-Date: 2021-04-01  01:25:05

Start-Date: 2021-04-01  01:25:06
Commandline: apt-get install --reinstall libgmp10:amd64
Reinstall: libgmp10:amd64 (2:6.2.0+dfsg-4)
End-Date: 2021-04-01  01:25:06

Start-Date: 2021-04-01  01:25:08
Commandline: apt-get install --reinstall libgnutls30:amd64
Reinstall: libgnutls30:amd64 (3.6.13-2ubuntu1)
End-Date: 2021-04-01  01:25:08

Start-Date: 2021-04-01  01:25:09
Commandline: apt-get install --reinstall libgpg-error0:amd64
Reinstall: libgpg-error0:amd64 (1.37-1)
End-Date: 2021-04-01  01:25:10

Start-Date: 2021-04-01  01:25:11
Commandline: apt-get install --reinstall libhogweed5:amd64
Reinstall: libhogweed5:amd64 (3.5.1+really3.5.1-2)
End-Date: 2021-04-01  01:25:12

Start-Date: 2021-04-01  01:25:13
Commandline: apt-get install --reinstall libidn2-0:amd64
Reinstall: libidn2-0:amd64 (2.2.0-2)
End-Date: 2021-04-01  01:25:14

Start-Date: 2021-04-01  01:25:15
Commandline: apt-get install --reinstall liblz4-1:amd64
Reinstall: liblz4-1:amd64 (1.9.2-2)
End-Date: 2021-04-01  01:25:15

Start-Date: 2021-04-01  01:25:17
Commandline: apt-get install --reinstall liblzma5:amd64
Reinstall: liblzma5:amd64 (5.2.4-1)
End-Date: 2021-04-01  01:25:17

Start-Date: 2021-04-01  01:25:18
Commandline: apt-get install --reinstall libmount1:amd64
Reinstall: libmount1:amd64 (2.34-0.1ubuntu9)
End-Date: 2021-04-01  01:25:19

Start-Date: 2021-04-01  01:25:20
Commandline: apt-get install --reinstall libncurses6:amd64
Reinstall: libncurses6:amd64 (6.2-0ubuntu2)
End-Date: 2021-04-01  01:25:21

Start-Date: 2021-04-01  01:25:22
Commandline: apt-get install --reinstall libncursesw6:amd64
Reinstall: libncursesw6:amd64 (6.2-0ubuntu2)
End-Date: 2021-04-01  01:25:22

Start-Date: 2021-04-01  01:25:23
Commandline: apt-get install --reinstall libnettle7:amd64
Reinstall: libnettle7:amd64 (3.5.1+really3.5.1-2)
End-Date: 2021-04-01  01:25:24

Start-Date: 2021-04-01  01:25:25
Commandline: apt-get install --reinstall libp11-kit0:amd64
Reinstall: libp11-kit0:amd64 (0.23.20-1build1)
End-Date: 2021-04-01  01:25:26

Start-Date: 2021-04-01  01:25:27
Commandline: apt-get install --reinstall libpam-modules:amd64
Reinstall: libpam-modules:amd64 (1.3.1-5ubuntu4)
End-Date: 2021-04-01  01:25:28

Start-Date: 2021-04-01  01:25:29
Commandline: apt-get install --reinstall libpam-modules-bin
Reinstall: libpam-modules-bin:amd64 (1.3.1-5ubuntu4)
End-Date: 2021-04-01  01:25:30

Start-Date: 2021-04-01  01:25:31
Commandline: apt-get install --reinstall libpam-runtime
Reinstall: libpam-runtime:amd64 (1.3.1-5ubuntu4)
End-Date: 2021-04-01  01:25:32

Start-Date: 2021-04-01  01:25:33
Commandline: apt-get install --reinstall libpam0g:amd64
Reinstall: libpam0g:amd64 (1.3.1-5ubuntu4)
End-Date: 2021-04-01  01:25:33

Start-Date: 2021-04-01  01:25:35
Commandline: apt-get install --reinstall libpcre2-8-0:amd64
Reinstall: libpcre2-8-0:amd64 (10.34-7)
End-Date: 2021-04-01  01:25:35

Start-Date: 2021-04-01  01:25:36
Commandline: apt-get install --reinstall libpcre3:amd64
Reinstall: libpcre3:amd64 (2:8.39-12build1)
End-Date: 2021-04-01  01:25:37

Start-Date: 2021-04-01  01:25:38
Commandline: apt-get install --reinstall libprocps8:amd64
Reinstall: libprocps8:amd64 (2:3.3.16-1ubuntu2)
End-Date: 2021-04-01  01:25:39

Start-Date: 2021-04-01  01:25:40
Commandline: apt-get install --reinstall libseccomp2:amd64
Reinstall: libseccomp2:amd64 (2.4.3-1ubuntu1)
End-Date: 2021-04-01  01:25:40

Start-Date: 2021-04-01  01:25:42
Commandline: apt-get install --reinstall libselinux1:amd64
Reinstall: libselinux1:amd64 (3.0-1build2)
End-Date: 2021-04-01  01:25:42

Start-Date: 2021-04-01  01:25:43
Commandline: apt-get install --reinstall libsemanage-common
Reinstall: libsemanage-common:amd64 (3.0-1build2)
End-Date: 2021-04-01  01:25:44

Start-Date: 2021-04-01  01:25:45
Commandline: apt-get install --reinstall libsemanage1:amd64
Reinstall: libsemanage1:amd64 (3.0-1build2)
End-Date: 2021-04-01  01:25:46

Start-Date: 2021-04-01  01:25:47
Commandline: apt-get install --reinstall libsepol1:amd64
Reinstall: libsepol1:amd64 (3.0-1)
End-Date: 2021-04-01  01:25:47

Start-Date: 2021-04-01  01:25:49
Commandline: apt-get install --reinstall libsmartcols1:amd64
Reinstall: libsmartcols1:amd64 (2.34-0.1ubuntu9)
End-Date: 2021-04-01  01:25:49

Start-Date: 2021-04-01  01:25:50
Commandline: apt-get install --reinstall libss2:amd64
Reinstall: libss2:amd64 (1.45.5-2ubuntu1)
End-Date: 2021-04-01  01:25:51

Start-Date: 2021-04-01  01:25:52
Commandline: apt-get install --reinstall libstdc++6:amd64
Reinstall: libstdc++6:amd64 (10-20200411-0ubuntu1)
End-Date: 2021-04-01  01:25:53

Start-Date: 2021-04-01  01:25:54
Commandline: apt-get install --reinstall libsystemd0:amd64
Reinstall: libsystemd0:amd64 (245.4-4ubuntu3)
End-Date: 2021-04-01  01:25:55

Start-Date: 2021-04-01  01:25:56
Commandline: apt-get install --reinstall libtasn1-6:amd64
Reinstall: libtasn1-6:amd64 (4.16.0-2)
End-Date: 2021-04-01  01:25:57

Start-Date: 2021-04-01  01:25:58
Commandline: apt-get install --reinstall libtinfo6:amd64
Reinstall: libtinfo6:amd64 (6.2-0ubuntu2)
End-Date: 2021-04-01  01:25:58

Start-Date: 2021-04-01  01:26:00
Commandline: apt-get install --reinstall libudev1:amd64
Reinstall: libudev1:amd64 (245.4-4ubuntu3)
End-Date: 2021-04-01  01:26:00

Start-Date: 2021-04-01  01:26:01
Commandline: apt-get install --reinstall libunistring2:amd64
Reinstall: libunistring2:amd64 (0.9.10-2)
End-Date: 2021-04-01  01:26:02

Start-Date: 2021-04-01  01:26:03
Commandline: apt-get install --reinstall libuuid1:amd64
Reinstall: libuuid1:amd64 (2.34-0.1ubuntu9)
End-Date: 2021-04-01  01:26:04

Start-Date: 2021-04-01  01:26:05
Commandline: apt-get install --reinstall libzstd1:amd64
Reinstall: libzstd1:amd64 (1.4.4+dfsg-3)
End-Date: 2021-04-01  01:26:06

Start-Date: 2021-04-01  01:26:07
Commandline: apt-get install --reinstall login
Reinstall: login:amd64 (1:4.8.1-1ubuntu5)
End-Date: 2021-04-01  01:26:07

Start-Date: 2021-04-01  01:26:09
Commandline: apt-get install --reinstall logsave
Reinstall: logsave:amd64 (1.45.5-2ubuntu1)
End-Date: 2021-04-01  01:26:09

Start-Date: 2021-04-01  01:26:10
Commandline: apt-get install --reinstall lsb-base
Reinstall: lsb-base:amd64 (11.1.0ubuntu2)
End-Date: 2021-04-01  01:26:11

Start-Date: 2021-04-01  01:26:12
Commandline: apt-get install --reinstall mawk
Reinstall: mawk:amd64 (1.3.4.20200120-2)
End-Date: 2021-04-01  01:26:13

Start-Date: 2021-04-01  01:26:14
Commandline: apt-get install --reinstall mount
Reinstall: mount:amd64 (2.34-0.1ubuntu9)
End-Date: 2021-04-01  01:26:14

Start-Date: 2021-04-01  01:26:15
Commandline: apt-get install --reinstall ncurses-base
Reinstall: ncurses-base:amd64 (6.2-0ubuntu2)
End-Date: 2021-04-01  01:26:16

Start-Date: 2021-04-01  01:26:17
Commandline: apt-get install --reinstall ncurses-bin
Reinstall: ncurses-bin:amd64 (6.2-0ubuntu2)
End-Date: 2021-04-01  01:26:18

Start-Date: 2021-04-01  01:26:19
Commandline: apt-get install --reinstall passwd
Reinstall: passwd:amd64 (1:4.8.1-1ubuntu5)
End-Date: 2021-04-01  01:26:20

Start-Date: 2021-04-01  01:26:21
Commandline: apt-get install --reinstall perl-base
Reinstall: perl-base:amd64 (5.30.0-9build1)
End-Date: 2021-04-01  01:26:22

Start-Date: 2021-04-01  01:26:23
Commandline: apt-get install --reinstall procps
Reinstall: procps:amd64 (2:3.3.16-1ubuntu2)
End-Date: 2021-04-01  01:26:24

Start-Date: 2021-04-01  01:26:25
Commandline: apt-get install --reinstall sed
Reinstall: sed:amd64 (4.7-1)
End-Date: 2021-04-01  01:26:25

Start-Date: 2021-04-01  01:26:27
Commandline: apt-get install --reinstall sensible-utils
Reinstall: sensible-utils:amd64 (0.0.12+nmu1)
End-Date: 2021-04-01  01:26:27

Start-Date: 2021-04-01  01:26:28
Commandline: apt-get install --reinstall sysvinit-utils
Reinstall: sysvinit-utils:amd64 (2.96-2.1ubuntu1)
End-Date: 2021-04-01  01:26:29

Start-Date: 2021-04-01  01:26:30
Commandline: apt-get install --reinstall tar
Reinstall: tar:amd64 (1.30+dfsg-7)
End-Date: 2021-04-01  01:26:31

Start-Date: 2021-04-01  01:26:32
Commandline: apt-get install --reinstall ubuntu-keyring
Reinstall: ubuntu-keyring:amd64 (2020.02.11.2)
End-Date: 2021-04-01  01:26:32

Start-Date: 2021-04-01  01:26:34
Commandline: apt-get install --reinstall util-linux
Reinstall: util-linux:amd64 (2.34-0.1ubuntu9)
End-Date: 2021-04-01  01:26:35

Start-Date: 2021-04-01  01:26:36
Commandline: apt-get install --reinstall zlib1g:amd64
Reinstall: zlib1g:amd64 (1:1.2.11.dfsg-2ubuntu1)
End-Date: 2021-04-01  01:26:37

Start-Date: 2021-04-01  01:26:39
Commandline: apt-get --yes -oDebug::pkgDepCache::AutoInstall=yes install ubuntu-keyring
Upgrade: ubuntu-keyring:amd64 (2020.02.11.2, 2020.02.11.4)
End-Date: 2021-04-01  01:26:39

Start-Date: 2021-04-01  01:26:41
Commandline: apt-get --yes -oDebug::pkgDepCache::AutoInstall=yes --force-yes upgrade
Upgrade: libpam0g:amd64 (1.3.1-5ubuntu4, 1.3.1-5ubuntu4.1), fdisk:amd64 (2.34-0.1ubuntu9, 2.34-0.1ubuntu9.1), perl-base:amd64 (5.30.0-9build1, 5.30.0-9ubuntu0.2), libseccomp2:amd64 (2.4.3-1ubuntu1, 2.4.3-1ubuntu3.20.04.3), libfdisk1:amd64 (2.34-0.1ubuntu9, 2.34-0.1ubuntu9.1), libpam-modules:amd64 (1.3.1-5ubuntu4, 1.3.1-5ubuntu4.1), libsystemd0:amd64 (245.4-4ubuntu3, 245.4-4ubuntu3.5), gcc-10-base:amd64 (10-20200411-0ubuntu1, 10.2.0-5ubuntu1~20.04), apt:amd64 (2.0.2, 2.0.4), libmount1:amd64 (2.34-0.1ubuntu9, 2.34-0.1ubuntu9.1), zlib1g:amd64 (1:1.2.11.dfsg-2ubuntu1, 1:1.2.11.dfsg-2ubuntu1.2), libc6:amd64 (2.31-0ubuntu9, 2.31-0ubuntu9.2), util-linux:amd64 (2.34-0.1ubuntu9, 2.34-0.1ubuntu9.1), passwd:amd64 (1:4.8.1-1ubuntu5, 1:4.8.1-1ubuntu5.20.04), libpam-runtime:amd64 (1.3.1-5ubuntu4, 1.3.1-5ubuntu4.1), libapt-pkg6.0:amd64 (2.0.2, 2.0.4), libudev1:amd64 (245.4-4ubuntu3, 245.4-4ubuntu3.5), mount:amd64 (2.34-0.1ubuntu9, 2.34-0.1ubuntu9.1), libblkid1:amd64 (2.34-0.1ubuntu9, 2.34-0.1ubuntu9.1), libc-bin:amd64 (2.31-0ubuntu9, 2.31-0ubuntu9.2), tar:amd64 (1.30+dfsg-7, 1.30+dfsg-7ubuntu0.20.04.1), libuuid1:amd64 (2.34-0.1ubuntu9, 2.34-0.1ubuntu9.1), gpgv:amd64 (2.2.19-3ubuntu2, 2.2.19-3ubuntu2.1), libsmartcols1:amd64 (2.34-0.1ubuntu9, 2.34-0.1ubuntu9.1), login:amd64 (1:4.8.1-1ubuntu5, 1:4.8.1-1ubuntu5.20.04), libpam-modules-bin:amd64 (1.3.1-5ubuntu4, 1.3.1-5ubuntu4.1), bsdutils:amd64 (1:2.34-0.1ubuntu9, 1:2.34-0.1ubuntu9.1), libgcc-s1:amd64 (10-20200411-0ubuntu1, 10.2.0-5ubuntu1~20.04), bash:amd64 (5.0-6ubuntu1, 5.0-6ubuntu1.1), libgnutls30:amd64 (3.6.13-2ubuntu1, 3.6.13-2ubuntu1.3), libp11-kit0:amd64 (0.23.20-1build1, 0.23.20-1ubuntu0.1), libzstd1:amd64 (1.4.4+dfsg-3, 1.4.4+dfsg-3ubuntu0.1), liblzma5:amd64 (5.2.4-1, 5.2.4-1ubuntu1), libstdc++6:amd64 (10-20200411-0ubuntu1, 10.2.0-5ubuntu1~20.04), base-files:amd64 (11ubuntu5, 11ubuntu5.3)
End-Date: 2021-04-01  01:26:46

Start-Date: 2021-04-08  06:02:47
Commandline: apt-get -y --no-install-recommends install telnet curl openssh-client nano vim-tiny iputils-ping build-essential net-tools nginx vsftpd isc-dhcp-server tftpd-hpa snmpd snmptrapd rsyslog
Install: libmpc3:amd64 (1.1.0-1, automatic), libgssapi3-heimdal:amd64 (7.7.0+dfsg-1ubuntu1, automatic), libxdmcp6:amd64 (1:1.1.3-0ubuntu1, automatic), libwebp6:amd64 (0.6.1-2, automatic), libkrb5-3:amd64 (1.17-6ubuntu4.1, automatic), libgssapi-krb5-2:amd64 (1.17-6ubuntu4.1, automatic), libnghttp2-14:amd64 (1.40.0-1build1, automatic), libirs-export161:amd64 (1:9.11.16+dfsg-3~ubuntu1, automatic), libwind0-heimdal:amd64 (7.7.0+dfsg-1ubuntu1, automatic), libsasl2-modules-db:amd64 (2.1.27+dfsg-2, automatic), linux-libc-dev:amd64 (5.4.0-70.78, automatic), vim-common:amd64 (2:8.1.2269-1ubuntu5, automatic), libcurl4:amd64 (7.68.0-1ubuntu2.5, automatic), libldap-2.4-2:amd64 (2.4.49+dfsg-2ubuntu1.7, automatic), libmpfr6:amd64 (4.0.2-1, automatic), gcc-9-base:amd64 (9.3.0-17ubuntu1~20.04, automatic), libssh-4:amd64 (0.9.3-2ubuntu2.1, automatic), libc6-dev:amd64 (2.31-0ubuntu9.2, automatic), libctf-nobfd0:amd64 (2.34-6ubuntu1.1, automatic), libbrotli1:amd64 (1.0.7-6ubuntu0.1, automatic), libgd3:amd64 (2.2.5-5.2ubuntu2, automatic), libheimntlm0-heimdal:amd64 (7.7.0+dfsg-1ubuntu1, automatic), cpp-9:amd64 (9.3.0-17ubuntu1~20.04, automatic), libpsl5:amd64 (0.21.0-1ubuntu1, automatic), libsqlite3-0:amd64 (3.31.1-4ubuntu0.2, automatic), nginx-core:amd64 (1.18.0-0ubuntu1, automatic), libicu66:amd64 (66.1-2ubuntu2, automatic), libelf1:amd64 (0.176-1.1build1, automatic), binutils:amd64 (2.34-6ubuntu1.1, automatic), cpp:amd64 (4:9.3.0-1ubuntu2, automatic), libsnmp-base:amd64 (5.8+dfsg-2ubuntu2.3, automatic), libbsd0:amd64 (0.10.0-1, automatic), libitm1:amd64 (10.2.0-5ubuntu1~20.04, automatic), libwrap0:amd64 (7.6.q-30, automatic), vsftpd:amd64 (3.0.3-12), g++:amd64 (4:9.3.0-1ubuntu2, automatic), perl-modules-5.30:amd64 (5.30.0-9ubuntu0.2, automatic), libheimbase1-heimdal:amd64 (7.7.0+dfsg-1ubuntu1, automatic), nano:amd64 (4.8-1ubuntu1), netbase:amd64 (6.1, automatic), gcc:amd64 (4:9.3.0-1ubuntu2, automatic), libk5crypto3:amd64 (1.17-6ubuntu4.1, automatic), libfastjson4:amd64 (0.99.8-2, automatic), libsasl2-2:amd64 (2.1.27+dfsg-2, automatic), libasan5:amd64 (9.3.0-17ubuntu1~20.04, automatic), libquadmath0:amd64 (10.2.0-5ubuntu1~20.04, automatic), libisc-export1105:amd64 (1:9.11.16+dfsg-3~ubuntu1, automatic), fontconfig-config:amd64 (2.13.1-2ubuntu3, automatic), libx11-6:amd64 (2:1.6.9-2ubuntu1.1, automatic), libisl22:amd64 (0.22.1-1, automatic), libexpat1:amd64 (2.2.9-1build1, automatic), nginx-common:amd64 (1.18.0-0ubuntu1, automatic), rsyslog:amd64 (8.2001.0-1ubuntu1.1), libfido2-1:amd64 (1.3.1-1ubuntu2, automatic), net-tools:amd64 (1.60+git20180626.aebd88e-1ubuntu1), tftpd-hpa:amd64 (5.2+20150808-1ubuntu4), libstdc++-9-dev:amd64 (9.3.0-17ubuntu1~20.04, automatic), build-essential:amd64 (12.8ubuntu1.1), libperl5.30:amd64 (5.30.0-9ubuntu0.2, automatic), snmpd:amd64 (5.8+dfsg-2ubuntu2.3), binutils-x86-64-linux-gnu:amd64 (2.34-6ubuntu1.1, automatic), libcrypt-dev:amd64 (1:4.4.10-10ubuntu4, automatic), libtiff5:amd64 (4.1.0+git191117-2ubuntu0.20.04.1, automatic), libsnmp35:amd64 (5.8+dfsg-2ubuntu2.3, automatic), libxau6:amd64 (1:1.0.9-0ubuntu1, automatic), libtsan0:amd64 (10.2.0-5ubuntu1~20.04, automatic), librtmp1:amd64 (2.4+20151223.gitfa8646d.1-2build1, automatic), libubsan1:amd64 (10.2.0-5ubuntu1~20.04, automatic), pci.ids:amd64 (0.0~2020.03.20-1, automatic), g++-9:amd64 (9.3.0-17ubuntu1~20.04, automatic), libxcb1:amd64 (1.14-2, automatic), libisccfg-export163:amd64 (1:9.11.16+dfsg-3~ubuntu1, automatic), libkrb5support0:amd64 (1.17-6ubuntu4.1, automatic), libcap2:amd64 (1:2.32-1, automatic), make:amd64 (4.2.1-1.2, automatic), libnginx-mod-http-image-filter:amd64 (1.18.0-0ubuntu1, automatic), libcap2-bin:amd64 (1:2.32-1, automatic), libldap-common:amd64 (2.4.49+dfsg-2ubuntu1.7, automatic), libgdbm6:amd64 (1.18.1-5, automatic), gcc-9:amd64 (9.3.0-17ubuntu1~20.04, automatic), fonts-dejavu-core:amd64 (2.37-1, automatic), libhcrypto4-heimdal:amd64 (7.7.0+dfsg-1ubuntu1, automatic), ucf:amd64 (3.0038+nmu1, automatic), libkeyutils1:amd64 (1.6-6ubuntu1, automatic), libjpeg8:amd64 (8c-2ubuntu8, automatic), xz-utils:amd64 (5.2.4-1ubuntu1, automatic), liblsan0:amd64 (10.2.0-5ubuntu1~20.04, automatic), libgomp1:amd64 (10.2.0-5ubuntu1~20.04, automatic), libnginx-mod-mail:amd64 (1.18.0-0ubuntu1, automatic), xxd:amd64 (2:8.1.2269-1ubuntu5, automatic), mysql-common:amd64 (5.8+1.0.5ubuntu2, automatic), libestr0:amd64 (0.1.10-2.1, automatic), libfontconfig1:amd64 (2.13.1-2ubuntu3, automatic), libx11-data:amd64 (2:1.6.9-2ubuntu1.1, automatic), iproute2:amd64 (5.5.0-1ubuntu1, automatic), openssh-client:amd64 (1:8.2p1-4ubuntu0.2), libdns-export1109:amd64 (1:9.11.16+dfsg-3~ubuntu1, automatic), iputils-ping:amd64 (3:20190709-3), libmysqlclient21:amd64 (8.0.23-0ubuntu0.20.04.1, automatic), binutils-common:amd64 (2.34-6ubuntu1.1, automatic), libjpeg-turbo8:amd64 (2.0.3-0ubuntu1.20.04.1, automatic), libxtables12:amd64 (1.8.4-3ubuntu2, automatic), libjbig0:amd64 (2.1-3.1build1, automatic), libc-dev-bin:amd64 (2.31-0ubuntu9.2, automatic), libxml2:amd64 (2.9.10+dfsg-5, automatic), libbinutils:amd64 (2.34-6ubuntu1.1, automatic), libedit2:amd64 (3.1-20191231-1, automatic), libroken18-heimdal:amd64 (7.7.0+dfsg-1ubuntu1, automatic), libsensors-config:amd64 (1:3.6.0-2ubuntu1, automatic), libfreetype6:amd64 (2.10.1-2ubuntu0.1, automatic), libnginx-mod-stream:amd64 (1.18.0-0ubuntu1, automatic), perl:amd64 (5.30.0-9ubuntu0.2, automatic), vim-tiny:amd64 (2:8.1.2269-1ubuntu5), libasn1-8-heimdal:amd64 (7.7.0+dfsg-1ubuntu1, automatic), libkrb5-26-heimdal:amd64 (7.7.0+dfsg-1ubuntu1, automatic), telnet:amd64 (0.17-41.2build1), libxpm4:amd64 (1:3.5.12-1, automatic), libatomic1:amd64 (10.2.0-5ubuntu1~20.04, automatic), libssl1.1:amd64 (1.1.1f-1ubuntu2.3, automatic), libnginx-mod-http-xslt-filter:amd64 (1.18.0-0ubuntu1, automatic), snmptrapd:amd64 (5.8+dfsg-2ubuntu2.3), libcc1-0:amd64 (10.2.0-5ubuntu1~20.04, automatic), libpci3:amd64 (1:3.6.4-1, automatic), libgdbm-compat4:amd64 (1.18.1-5, automatic), isc-dhcp-server:amd64 (4.4.1-2.1ubuntu5.20.04.1), curl:amd64 (7.68.0-1ubuntu2.5), libdpkg-perl:amd64 (1.19.7ubuntu3, automatic), libhx509-5-heimdal:amd64 (7.7.0+dfsg-1ubuntu1, automatic), patch:amd64 (2.7.6-6, automatic), libsensors5:amd64 (1:3.6.0-2ubuntu1, automatic), libcbor0.6:amd64 (0.6.0-0ubuntu1, automatic), libmnl0:amd64 (1.0.4-2, automatic), libctf0:amd64 (2.34-6ubuntu1.1, automatic), libgcc-9-dev:amd64 (9.3.0-17ubuntu1~20.04, automatic), libxslt1.1:amd64 (1.1.34-4, automatic), dpkg-dev:amd64 (1.19.7ubuntu3, automatic), tzdata:amd64 (2021a-0ubuntu0.20.04, automatic), nginx:amd64 (1.18.0-0ubuntu1), libpng16-16:amd64 (1.6.37-2, automatic)
End-Date: 2021-04-08  06:03:16
