uBridge version 0.9.19 running with libpcap version 1.9.1 (with TPACKET_V3)
Hypervisor TCP control server started (IP 0.0.0.0 port 42561).
UDP tunnel connecting from local port 20012 to IPv4 address 127.0.0.1 on port 20013
UDP tunnel connecting from local port 20018 to IPv4 address 127.0.0.1 on port 20019
UDP tunnel connecting from local port 20038 to IPv4 address 127.0.0.1 on port 20039
UDP tunnel connecting from local port 20119 to IPv4 address 127.0.0.1 on port 20118
UDP tunnel connecting from local port 20120 to IPv4 address 127.0.0.1 on port 20121
UDP tunnel connecting from local port 20102 to IPv4 address 127.0.0.1 on port 20103
UDP tunnel connecting from local port 20104 to IPv4 address 127.0.0.1 on port 20105
Listener thread for IOL instance 7 on port 0/2 has started
Listener thread for IOL instance 7 on port 1/1 has started
Listener thread for IOL instance 7 on port 0/1 has started
Listener thread for IOL instance 7 on port 0/3 has started
Listener thread for IOL instance 7 on port 0/0 has started
Listener thread for IOL instance 7 on port 1/2 has started
Listener thread for IOL instance 7 on port 1/0 has started
IOL bridge listener thread for IOL-BRIDGE-519 with ID 519 has started
recv: Connection refused
recv: Connection refused
recv: Connection refused
recv: Connection refused
recv: Connection refused
recv: Connection refused
recv: Connection refused
recv: Connection refused
recv: Connection refused
recv: Connection refused
recv: Connection refused
recv: Connection refused
recv: Connection refused
recv: Connection refused
recv: Connection refused
recv: Connection refused
recv: Connection refused
recv: Connection refused
recv: Connection refused
recv: Connection refused
recv: Connection refused
recv: Connection refused
recv: Connection refused
recv: Connection refused
recv: Connection refused
recv: Connection refused
recv: Connection refused
recv: Connection refused
recv: Connection refused
recv: Connection refused
recv: Connection refused
recv: Connection refused
recv: Connection refused
recv: Connection refused
recv: Connection refused
recv: Connection refused
recv: Connection refused
