uBridge version 0.9.19 running with libpcap version 1.9.1 (with TPACKET_V3)
Hypervisor TCP control server started (IP 0.0.0.0 port 39417).
UDP tunnel connecting from local port 20004 to IPv4 address 127.0.0.1 on port 20005
UDP tunnel connecting from local port 20011 to IPv4 address 127.0.0.1 on port 20010
UDP tunnel connecting from local port 20118 to IPv4 address 127.0.0.1 on port 20119
UDP tunnel connecting from local port 20097 to IPv4 address 127.0.0.1 on port 20096
UDP tunnel connecting from local port 20099 to IPv4 address 127.0.0.1 on port 20098
UDP tunnel connecting from local port 20101 to IPv4 address 127.0.0.1 on port 20100
IOL bridge listener thread for IOL-BRIDGE-518 with ID 518 has started
Listener thread for IOL instance 6 on port 0/0 has started
Listener thread for IOL instance 6 on port 1/0 has started
Listener thread for IOL instance 6 on port 0/1 has started
Listener thread for IOL instance 6 on port 1/1 has started
Listener thread for IOL instance 6 on port 1/2 has started
Listener thread for IOL instance 6 on port 0/3 has started
recv: Connection refused
recv: Connection refused
recv: Connection refused
recv: Connection refused
recv: Connection refused
recv: Connection refused
recv: Connection refused
recv: Connection refused
recv: Connection refused
recv: Connection refused
recv: Connection refused
recv: Connection refused
recv: Connection refused
recv: Connection refused
recv: Connection refused
recv: Connection refused
recv: Connection refused
recv: Connection refused
recv: Connection refused
recv: Connection refused
recv: Connection refused
recv: Connection refused
recv: Connection refused
recv: Connection refused
recv: Connection refused
recv: Connection refused
recv: Connection refused
recv: Connection refused
recv: Connection refused
recv: Connection refused
recv: Connection refused
recv: Connection refused
recv: Connection refused
recv: Connection refused
recv: Connection refused
recv: Connection refused
recv: Connection refused
recv: Connection refused
