Jun 17 13:43:40 HTTP kernel: [1825371.702517] eth0: renamed from tap-gns3-e0
Jun 18 14:28:17 HTTP kernel: [1914447.688937] eth0: renamed from tap-gns3-e0
Jun 18 16:36:09 HTTP kernel: [1922119.214217] pts pts0: sig=22, tty->pgrp == NULL!
Jun 18 16:36:09 HTTP kernel: [1922119.214302] pts pts0: sig=22, tty->pgrp == NULL!
Jun 18 16:36:09 HTTP kernel: [1922119.214425] pts pts0: sig=22, tty->pgrp == NULL!
Jun 18 16:36:09 HTTP kernel: [1922119.214467] pts pts0: sig=22, tty->pgrp == NULL!
Jun 19 09:16:08 HTTP kernel: [1982116.636295] audit: type=1400 audit(1750324568.129:49): apparmor="STATUS" operation="profile_replace" info="same as current profile, skipping" profile="unconfined" name="snap-update-ns.lxd" pid=557517 comm="apparmor_parser"
Jun 19 09:16:08 HTTP kernel: [1982116.724949] audit: type=1400 audit(1750324568.217:55): apparmor="STATUS" operation="profile_replace" info="same as current profile, skipping" profile="unconfined" name="snap.lxd.hook.configure" pid=557523 comm="apparmor_parser"
Jun 19 09:16:08 HTTP kernel: [1982116.736672] audit: type=1400 audit(1750324568.229:56): apparmor="STATUS" operation="profile_replace" info="same as current profile, skipping" profile="unconfined" name="snap.lxd.hook.install" pid=557524 comm="apparmor_parser"
Jun 19 09:16:18 HTTP kernel: [1982126.683958] audit: type=1400 audit(1750324578.169:63): apparmor="STATUS" operation="profile_replace" profile="unconfined" name="/snap/snapd/24718/usr/lib/snapd/snap-confine//mount-namespace-capture-helper" pid=558446 comm="apparmor_parser"
Jun 19 09:16:18 HTTP kernel: [1982126.771989] audit: type=1400 audit(1750324578.261:67): apparmor="STATUS" operation="profile_replace" info="same as current profile, skipping" profile="unconfined" name="snap.lxd.buginfo" pid=558451 comm="apparmor_parser"
Jun 20 16:00:57 HTTP kernel: [2092803.522002] eth0: renamed from tap-gns3-e0
Jun 20 16:02:59 HTTP kernel: [2092925.529709] eth0: renamed from tap-gns3-e0
Jun 21 12:52:16 HTTP kernel: [2167881.821734] eth0: renamed from tap-gns3-e0
Jun 21 13:29:07 HTTP kernel: [2170092.872643] eth0: renamed from tap-gns3-e0
Jun 23 13:19:05 HTTP kernel: [2342287.521438] eth0: renamed from tap-gns3-e0
Aug  5 08:55:45 HTTP kernel: [6041619.337332] clocksource: timekeeping watchdog on CPU0: kvm-clock wd-wd read-back delay of 96640ns
Aug  5 08:55:45 HTTP kernel: [6041619.337779] clocksource: wd-tsc-wd read-back delay of 732215ns, clock-skew test skipped!
Aug 20 23:47:17 HTTP kernel: [7391086.060864] kauditd_printk_skb: 5 callbacks suppressed
Aug 20 23:47:17 HTTP kernel: [7391086.076517] audit: type=1400 audit(1755733637.370:108): apparmor="STATUS" operation="profile_load" profile="unconfined" name="/snap/snapd/25202/usr/lib/snapd/snap-confine//mount-namespace-capture-helper" pid=1357906 comm="apparmor_parser"
Aug 20 23:47:17 HTTP kernel: [7391086.255745] audit: type=1400 audit(1755733637.554:109): apparmor="STATUS" operation="profile_replace" info="same as current profile, skipping" profile="unconfined" name="snap-update-ns.lxd" pid=1357908 comm="apparmor_parser"
Aug 20 23:47:27 HTTP kernel: [7391095.710760] loop8: detected capacity change from 0 to 8
Aug 20 23:47:29 HTTP kernel: [7391098.371711] kauditd_printk_skb: 5 callbacks suppressed
Aug 20 23:47:29 HTTP kernel: [7391098.371720] audit: type=1400 audit(1755733649.662:122): apparmor="STATUS" operation="profile_replace" profile="unconfined" name="/snap/snapd/25202/usr/lib/snapd/snap-confine" pid=1358142 comm="apparmor_parser"
Aug 20 23:47:30 HTTP kernel: [7391099.570208] audit: type=1400 audit(1755733650.858:124): apparmor="STATUS" operation="profile_replace" profile="unconfined" name="snap.lxd.benchmark" pid=1358145 comm="apparmor_parser"
Aug 20 23:47:30 HTTP kernel: [7391099.634637] audit: type=1400 audit(1755733650.934:125): apparmor="STATUS" operation="profile_replace" profile="unconfined" name="snap.lxd.activate" pid=1358144 comm="apparmor_parser"
Aug 20 23:47:32 HTTP kernel: [7391101.455111] audit: type=1400 audit(1755733652.754:128): apparmor="STATUS" operation="profile_replace" profile="unconfined" name="snap.lxd.hook.configure" pid=1358152 comm="apparmor_parser"
Aug 20 23:47:34 HTTP kernel: [7391103.396639] kauditd_printk_skb: 2 callbacks suppressed
Aug 20 23:47:34 HTTP kernel: [7391103.396649] audit: type=1400 audit(1755733654.694:134): apparmor="STATUS" operation="profile_replace" profile="unconfined" name="snap.lxd.migrate" pid=1358160 comm="apparmor_parser"
Oct 22 18:29:24 HTTP kernel: [5215165.619420] hrtimer: interrupt took 594961 ns
